#
# An unexpected error has been detected by Java Runtime Environment:
#
#  Internal Error (classFileParser.cpp:2923), pid=8180, tid=9344
#  Error: ShouldNotReachHere()
#
# Java VM: Java HotSpot(TM) Client VM (11.0-b15 mixed mode windows-x86)
# If you would like to submit a bug report, please visit:
#   http://java.sun.com/webapps/bugreport/crash.jsp
#

---------------  T H R E A D  ---------------

Current thread (0x003d9000):  JavaThread "Unknown thread" [_thread_in_vm, id=9344, stack(0x00350000,0x003a0000)]

Stack: [0x00350000,0x003a0000]
[error occurred during error reporting (printing stack bounds), id 0xc0000005]


---------------  P R O C E S S  ---------------

Java Threads: ( => current thread )

Other Threads:

=>0x003d9000 (exited) JavaThread "Unknown thread" [_thread_in_vm, id=9344, stack(0x00350000,0x003a0000)]

VM state:not at safepoint (not fully initialized)

VM Mutex/Monitor currently owned by a thread: None

Dynamic libraries:
0x00400000 - 0x00424000 	D:\应用程序\Java\bin\javaw.exe
0x77030000 - 0x7716c000 	C:\Windows\SYSTEM32\ntdll.dll
0x76de0000 - 0x76eb4000 	C:\Windows\system32\kernel32.dll
0x752e0000 - 0x7532b000 	C:\Windows\system32\KERNELBASE.dll
0x771c0000 - 0x77260000 	C:\Windows\system32\ADVAPI32.dll
0x76ce0000 - 0x76d8c000 	C:\Windows\system32\msvcrt.dll
0x77180000 - 0x77199000 	C:\Windows\SYSTEM32\sechost.dll
0x76990000 - 0x76a32000 	C:\Windows\system32\RPCRT4.dll
0x76f60000 - 0x77029000 	C:\Windows\system32\USER32.dll
0x76d90000 - 0x76dde000 	C:\Windows\system32\GDI32.dll
0x75780000 - 0x7578a000 	C:\Windows\system32\LPK.dll
0x76ec0000 - 0x76f5d000 	C:\Windows\system32\USP10.dll
0x75760000 - 0x7577f000 	C:\Windows\system32\IMM32.DLL
0x75a00000 - 0x75acc000 	C:\Windows\system32\MSCTF.dll
0x7c340000 - 0x7c396000 	D:\应用程序\Java\bin\msvcr71.dll
0x6d800000 - 0x6da56000 	D:\应用程序\Java\bin\client\jvm.dll
0x73740000 - 0x73772000 	C:\Windows\system32\WINMM.dll
0x74f70000 - 0x74fbc000 	C:\Windows\system32\apphelp.dll
0x6d280000 - 0x6d288000 	D:\应用程序\Java\bin\hpi.dll
0x771b0000 - 0x771b5000 	C:\Windows\system32\PSAPI.DLL
0x6d7b0000 - 0x6d7bc000 	D:\应用程序\Java\bin\verify.dll
0x6d320000 - 0x6d33f000 	D:\应用程序\Java\bin\java.dll
0x6d7f0000 - 0x6d7ff000 	D:\应用程序\Java\bin\zip.dll

VM Arguments:
jvm_args: -Dfile.encoding=GBK -Xbootclasspath:D:\应用程序\安卓\eclipse\adt-bundle-windows-x86-20130522\sdk\platforms\android-17\android.jar 
java_command: Java1
Launcher Type: SUN_STANDARD

Environment Variables:
JAVA_HOME=C:\Program Files\Java\jdk1.6.0_10
CLASSPATH=.;C:\Program Files\Java\jdk1.6.0_10\lib;C:\TomCat\apache-tomcat-7.0.14\lib;
PATH=D:/应用程序/Java/bin/client;D:/应用程序/Java/bin;D:/应用程序/Java/lib/i386;C:\Program Files\AMD APP\bin\x86;C:\Windows\system32;C:\Windows;C:\Windows\System32\Wbem;C:\Windows\System32\WindowsPowerShell\v1.0\;C:\Program Files\ATI Technologies\ATI.ACE\Core-Static;C:\Program Files\Lenovo\Bluetooth Software\;D:\应用程序\安卓\eclipse\adt-bundle-windows-x86-20130522\eclipse;
USERNAME=y
OS=Windows_NT
PROCESSOR_IDENTIFIER=x86 Family 6 Model 42 Stepping 7, GenuineIntel



---------------  S Y S T E M  ---------------

OS: Windows NT 6.1 Build 7601 Service Pack 1

CPU:total 4 (8 cores per cpu, 2 threads per core) family 6 model 10 stepping 7, cmov, cx8, fxsr, mmx, sse, sse2, sse3, ssse3, ht

Memory: 4k page, physical 2097151k(1108208k free), swap 4194303k(2823744k free)

vm_info: Java HotSpot(TM) Client VM (11.0-b15) for windows-x86 JRE (1.6.0_10-b33), built on Sep 26 2008 01:00:43 by "java_re" with MS VC++ 7.1

time: Sun Feb 23 12:53:36 2014
elapsed time: 0 seconds

